<?xml version="1.0" encoding="UTF-8"?>
<testsuite xmlns:xsi="http://www.w3.org/2001/XMLSchema-instance" xsi:noNamespaceSchemaLocation="https://maven.apache.org/surefire/maven-surefire-plugin/xsd/surefire-test-report-3.0.xsd" version="3.0" name="my.xpath.visitor.XPathASTBuilderTest" time="0.051" tests="9" errors="0" skipped="0" failures="0">
  <properties>
[...]
</properties>
  <testcase name="testSimpleTagName" classname="my.xpath.visitor.XPathASTBuilderTest" time="0.021">
    <system-out><![CDATA[AST for doc("test.xml")/book:
AbsolutePath:
  File: test.xml
  Type: /
  TagName: book

]]></system-out>
  </testcase>
  <testcase name="testComplexQueries" classname="my.xpath.visitor.XPathASTBuilderTest" time="0.001">
    <system-out><![CDATA[
Testing XPath: doc("test.xml")//book[@id="1"]//author[text()]/.
AbsolutePath:
  File: test.xml
  Type: //
  Slash:
    Filter:
      DoubleSlash:
        Filter:
          TagName: book
        TagName: author
    Self (.)


Testing XPath: doc("test.xml")/bookstore/book[price and ./author]/title
AbsolutePath:
  File: test.xml
  Type: /
  Slash:
    Filter:
      Slash:
        TagName: bookstore
        TagName: book
    TagName: title


Testing XPath: doc("test.xml")//book[../bookstore/@type="fiction"]/author
AbsolutePath:
  File: test.xml
  Type: //
  Slash:
    Filter:
      TagName: book
    TagName: author

]]></system-out>
  </testcase>
  <testcase name="testFilters" classname="my.xpath.visitor.XPathASTBuilderTest" time="0.004">
    <system-out><![CDATA[
Testing XPath: doc("test.xml")/book[title]
AbsolutePath:
  File: test.xml
  Type: /
  Filter:
    TagName: book


Testing XPath: doc("test.xml")/book[price = text()]
AbsolutePath:
  File: test.xml
  Type: /
  Filter:
    TagName: book


Testing XPath: doc("test.xml")/book[price eq text()]
AbsolutePath:
  File: test.xml
  Type: /
  Filter:
    TagName: book


Testing XPath: doc("test.xml")/book[. == ..]
AbsolutePath:
  File: test.xml
  Type: /
  Filter:
    TagName: book


Testing XPath: doc("test.xml")/book[. is ..]
AbsolutePath:
  File: test.xml
  Type: /
  Filter:
    TagName: book


Testing XPath: doc("test.xml")/book[@id = "1"]
AbsolutePath:
  File: test.xml
  Type: /
  Filter:
    TagName: book


Testing XPath: doc("test.xml")/book[(price = text())]
AbsolutePath:
  File: test.xml
  Type: /
  Filter:
    TagName: book


Testing XPath: doc("test.xml")/book[price and title]
AbsolutePath:
  File: test.xml
  Type: /
  Filter:
    TagName: book


Testing XPath: doc("test.xml")/book[price or title]
AbsolutePath:
  File: test.xml
  Type: /
  Filter:
    TagName: book


Testing XPath: doc("test.xml")/book[not price]
AbsolutePath:
  File: test.xml
  Type: /
  Filter:
    TagName: book

]]></system-out>
  </testcase>
  <testcase name="testDoubleSlashPath" classname="my.xpath.visitor.XPathASTBuilderTest" time="0.001">
    <system-out><![CDATA[
AST for doc("test.xml")//book:
AbsolutePath:
  File: test.xml
  Type: //
  TagName: book

]]></system-out>
  </testcase>
  <testcase name="testComplexPath" classname="my.xpath.visitor.XPathASTBuilderTest" time="0.0">
    <system-out><![CDATA[
AST for doc("test.xml")/book/title:
AbsolutePath:
  File: test.xml
  Type: /
  Slash:
    TagName: book
    TagName: title

]]></system-out>
  </testcase>
  <testcase name="testComplexFilter" classname="my.xpath.visitor.XPathASTBuilderTest" time="0.0">
    <system-out><![CDATA[
AST for doc("test.xml")/book[title and @id="1"]:
AbsolutePath:
  File: test.xml
  Type: /
  Filter:
    TagName: book

]]></system-out>
  </testcase>
  <testcase name="testAttribute" classname="my.xpath.visitor.XPathASTBuilderTest" time="0.0">
    <system-out><![CDATA[
AST for doc("test.xml")/book/@id:
AbsolutePath:
  File: test.xml
  Type: /
  Slash:
    TagName: book
    Attribute: @id

]]></system-out>
  </testcase>
  <testcase name="testFilter" classname="my.xpath.visitor.XPathASTBuilderTest" time="0.0">
    <system-out><![CDATA[
AST for doc("test.xml")/book[@id="1"]:
AbsolutePath:
  File: test.xml
  Type: /
  Filter:
    TagName: book

]]></system-out>
  </testcase>
  <testcase name="testRelativePathOperations" classname="my.xpath.visitor.XPathASTBuilderTest" time="0.001">
    <system-out><![CDATA[
Testing XPath: doc("test.xml")/book/*
AbsolutePath:
  File: test.xml
  Type: /
  Slash:
    TagName: book
    Wildcard (*)


Testing XPath: doc("test.xml")/book/.
AbsolutePath:
  File: test.xml
  Type: /
  Slash:
    TagName: book
    Self (.)


Testing XPath: doc("test.xml")/book/..
AbsolutePath:
  File: test.xml
  Type: /
  Slash:
    TagName: book
    Parent (..)


Testing XPath: doc("test.xml")/book/text()
AbsolutePath:
  File: test.xml
  Type: /
  Slash:
    TagName: book


Testing XPath: doc("test.xml")/book/@id
AbsolutePath:
  File: test.xml
  Type: /
  Slash:
    TagName: book
    Attribute: @id


Testing XPath: doc("test.xml")/book/(title)
AbsolutePath:
  File: test.xml
  Type: /
  Slash:
    TagName: book


Testing XPath: doc("test.xml")/book/author
AbsolutePath:
  File: test.xml
  Type: /
  Slash:
    TagName: book
    TagName: author


Testing XPath: doc("test.xml")//book
AbsolutePath:
  File: test.xml
  Type: //
  TagName: book


Testing XPath: doc("test.xml")/book,author
AbsolutePath:
  File: test.xml
  Type: /

]]></system-out>
  </testcase>
</testsuite>